<?xml version="1.0" encoding="UTF-8"?>
<!-- Generated by org.testng.reporters.JUnitReportReporter -->
<testsuite hostname="Theja" name="testcases.TC004_EditLead" tests="1" failures="0" timestamp="15 Dec 2017 18:47:48 GMT" time="50.506" errors="0">
  <testcase name="logInLogOut" time="50.506" classname="testcases.TC004_EditLead"/>
</testsuite> <!-- testcases.TC004_EditLead -->
