<?xml version="1.0" encoding="UTF-8"?>
<!-- Generated by org.testng.reporters.JUnitReportReporter -->
<testsuite hostname="Theja" name="testcases.TC002_LoginNegative" tests="4" failures="0" timestamp="9 Dec 2017 16:09:17 GMT" time="47.538" errors="0">
  <testcase name="loginFail" time="11.976" classname="testcases.TC002_LoginNegative"/>
  <testcase name="loginFail" time="11.652" classname="testcases.TC002_LoginNegative"/>
  <testcase name="loginFail" time="11.705" classname="testcases.TC002_LoginNegative"/>
  <testcase name="loginFail" time="12.205" classname="testcases.TC002_LoginNegative"/>
</testsuite> <!-- testcases.TC002_LoginNegative -->
