<?xml version="1.0" encoding="UTF-8"?>
<!-- Generated by org.testng.reporters.JUnitReportReporter -->
<testsuite hostname="Theja" name="testcases.TC001_LoginLogOut" tests="2" failures="0" timestamp="10 Dec 2017 06:56:59 GMT" time="36.294" errors="0">
  <testcase name="logInLogOut" time="20.449" classname="testcases.TC001_LoginLogOut"/>
  <testcase name="logInLogOut" time="15.845" classname="testcases.TC001_LoginLogOut"/>
</testsuite> <!-- testcases.TC001_LoginLogOut -->
