<?xml version="1.0" encoding="UTF-8"?>
<!-- Generated by org.testng.reporters.JUnitReportReporter -->
<testsuite hostname="Theja" name="testcases.TC003_CreateLead" tests="1" failures="0" timestamp="15 Dec 2017 16:36:57 GMT" time="55.915" errors="0">
  <testcase name="logInLogOut" time="55.915" classname="testcases.TC003_CreateLead"/>
</testsuite> <!-- testcases.TC003_CreateLead -->
